
/home/runner/work/exp-eccentric-cam-mechanism-nitk/exp-eccentric-cam-mechanism-nitk/experiment/simulation/js/MOMscript.js
   22:10  warning  'point' is defined but never used       no-unused-vars
   30:10  warning  'pointtrans' is defined but never used  no-unused-vars
   38:10  warning  'pointdisp' is defined but never used   no-unused-vars
   88:10  warning  'pointdist' is defined but never used   no-unused-vars
   94:10  warning  'pointjoin' is defined but never used   no-unused-vars
  109:10  warning  'pointtrace' is defined but never used  no-unused-vars
  127:10  warning  'deg' is defined but never used         no-unused-vars
  137:10  warning  'drawrect' is defined but never used    no-unused-vars
  157:10  warning  'drawArrow' is defined but never used   no-unused-vars
  173:10  warning  'signof' is defined but never used      no-unused-vars
  179:10  warning  'roundd' is defined but never used      no-unused-vars
  185:10  warning  'plotgraph' is defined but never used   no-unused-vars
  195:1   warning  'i' is not defined                      no-undef
  197:7   warning  'i' is not defined                      no-undef
  199:20  warning  'i' is not defined                      no-undef
  199:27  warning  'i' is not defined                      no-undef
  200:2   warning  'i' is not defined                      no-undef
  201:6   warning  'i' is not defined                      no-undef
  204:3   warning  'i' is not defined                      no-undef
  204:5   warning  'i' is not defined                      no-undef

/home/runner/work/exp-eccentric-cam-mechanism-nitk/exp-eccentric-cam-mechanism-nitk/experiment/simulation/js/dpi.js
  39:5  error  Parsing error: Identifier 'canvas' has already been declared

/home/runner/work/exp-eccentric-cam-mechanism-nitk/exp-eccentric-cam-mechanism-nitk/experiment/simulation/js/jquery-3.6.0.js
     17:44  warning  'module' is not defined                                                    no-undef
     25:5   warning  'module' is not defined                                                    no-undef
    142:13  warning  'Symbol' is already defined as a built-in global variable                  no-redeclare
    717:22  warning  Unexpected control character(s) in regular expression: \x1f, \x1f          no-control-regex
    779:50  warning  Empty block statement                                                      no-empty
   2185:38  warning  Do not access Object.prototype method 'hasOwnProperty' from target object  no-prototype-builtins
   3205:16  warning  Unnecessary escape character: \/                                           no-useless-escape
   3507:52  warning  Empty block statement                                                      no-empty
   4584:21  warning  Empty block statement                                                      no-empty
   5051:28  warning  Unnecessary escape character: \/                                           no-useless-escape
   5268:19  warning  Empty block statement                                                      no-empty
   6564:25  warning  Empty block statement                                                      no-empty
   9171:17  warning  Empty block statement                                                      no-empty
   9819:28  warning  'urlAnchor.href' is assigned to itself                                     no-self-assign
  10269:17  warning  Empty block statement                                                      no-empty
  11162:39  warning  'define' is not defined                                                    no-undef
  11163:5   warning  'define' is not defined                                                    no-undef

/home/runner/work/exp-eccentric-cam-mechanism-nitk/exp-eccentric-cam-mechanism-nitk/experiment/simulation/js/jquery-ui.js
      9:39  warning  'define' is not defined                                      no-undef
     11:5   warning  'define' is not defined                                      no-undef
     14:13  warning  'jQuery' is not defined                                      no-undef
     21:7   warning  'version' is assigned a value but never used                 no-unused-vars
    797:7   warning  'widget' is assigned a value but never used                  no-unused-vars
    822:19  warning  Unnecessary escape character: \+                             no-useless-escape
    822:21  warning  Unnecessary escape character: \-                             no-useless-escape
   1365:7   warning  'position' is assigned a value but never used                no-unused-vars
   1381:7   warning  'data' is assigned a value but never used                    no-unused-vars
   1410:7   warning  'disableSelection' is assigned a value but never used        no-unused-vars
   1452:23  warning  Unnecessary escape character: \-                             no-useless-escape
   1462:39  warning  Unnecessary escape character: \%                             no-useless-escape
   1462:63  warning  Unnecessary escape character: \%                             no-useless-escape
   1462:87  warning  Unnecessary escape character: \%                             no-useless-escape
   1499:61  warning  Unnecessary escape character: \%                             no-useless-escape
   1499:85  warning  Unnecessary escape character: \%                             no-useless-escape
   2078:29  warning  Empty block statement                                        no-empty
   3120:63  warning  Empty block statement                                        no-empty
   3156:7   warning  'effectsEffectBlind' is assigned a value but never used      no-unused-vars
   3217:7   warning  'effectsEffectBounce' is assigned a value but never used     no-unused-vars
   3309:7   warning  'effectsEffectClip' is assigned a value but never used       no-unused-vars
   3360:7   warning  'effectsEffectDrop' is assigned a value but never used       no-unused-vars
   3418:7   warning  'effectsEffectExplode' is assigned a value but never used    no-unused-vars
   3523:7   warning  'effectsEffectFade' is assigned a value but never used       no-unused-vars
   3560:7   warning  'effectsEffectFold' is assigned a value but never used       no-unused-vars
   3639:7   warning  'effectsEffectHighlight' is assigned a value but never used  no-unused-vars
   3683:7   warning  'effectsEffectSize' is assigned a value but never used       no-unused-vars
   3884:7   warning  'effectsEffectScale' is assigned a value but never used      no-unused-vars
   3929:7   warning  'effectsEffectPuff' is assigned a value but never used       no-unused-vars
   3957:7   warning  'effectsEffectPulsate' is assigned a value but never used    no-unused-vars
   4007:7   warning  'effectsEffectShake' is assigned a value but never used      no-unused-vars
   4062:7   warning  'effectsEffectSlide' is assigned a value but never used      no-unused-vars
   4127:7   warning  'effect' is already defined                                  no-redeclare
   4133:7   warning  'effectsEffectTransfer' is assigned a value but never used   no-unused-vars
   4209:7   warning  'focusable' is assigned a value but never used               no-unused-vars
   4214:7   warning  'form' is assigned a value but never used                    no-unused-vars
   4234:7   warning  'formResetMixin' is assigned a value but never used          no-unused-vars
   4311:22  warning  Unexpected control character(s) in regular expression: \x1f  no-control-regex
   4369:7   warning  'keycode' is assigned a value but never used                 no-unused-vars
   4402:7   warning  'labels' is assigned a value but never used                  no-unused-vars
   4455:7   warning  'scrollParent' is assigned a value but never used            no-unused-vars
   4492:7   warning  'tabbable' is assigned a value but never used                no-unused-vars
   4516:7   warning  'uniqueId' is assigned a value but never used                no-unused-vars
   4558:7   warning  'widgetsAccordion' is assigned a value but never used        no-unused-vars
   5187:7   warning  'safeActiveElement' is assigned a value but never used       no-unused-vars
   5233:7   warning  'widgetsMenu' is assigned a value but never used             no-unused-vars
   5939:13  warning  Unnecessary escape character: \-                             no-useless-escape
   5939:15  warning  Unnecessary escape character: \[                             no-useless-escape
   5939:30  warning  Unnecessary escape character: \^                             no-useless-escape
   6581:30  warning  Unnecessary escape character: \-                             no-useless-escape
   6581:32  warning  Unnecessary escape character: \[                             no-useless-escape
   6581:47  warning  Unnecessary escape character: \^                             no-useless-escape
   6626:7   warning  'widgetsAutocomplete' is assigned a value but never used     no-unused-vars
   6648:7   warning  'widgetsControlgroup' is assigned a value but never used     no-unused-vars
   7239:7   warning  'widgetsCheckboxradio' is assigned a value but never used    no-unused-vars
   7686:7   warning  'widgetsButton' is assigned a value but never used           no-unused-vars
   7921:51  warning  Unnecessary escape character: \-                             no-useless-escape
   8620:23  warning  Empty block statement                                        no-empty
   9326:18  warning  Unexpected constant condition                                no-constant-condition
   9623:27  warning  Unnecessary escape character: \-                             no-useless-escape
  10293:40  warning  Unnecessary escape character: \-                             no-useless-escape
  10295:32  warning  Unnecessary escape character: \-                             no-useless-escape
  10435:35  warning  Unnecessary escape character: \-                             no-useless-escape
  10438:35  warning  Unnecessary escape character: \-                             no-useless-escape
  10603:7   warning  'widgetsDatepicker' is assigned a value but never used       no-unused-vars
  10606:7   warning  'ie' is assigned a value but never used                      no-unused-vars
  10627:7   warning  'widgetsMouse' is assigned a value but never used            no-unused-vars
  10835:7   warning  'plugin' is assigned a value but never used                  no-unused-vars
  10868:7   warning  'safeBlur' is assigned a value but never used                no-unused-vars
  12169:7   warning  'widgetsDraggable' is assigned a value but never used        no-unused-vars
  13428:7   warning  'widgetsResizable' is assigned a value but never used        no-unused-vars
  14383:7   warning  'widgetsDialog' is assigned a value but never used           no-unused-vars
  14902:7   warning  'widgetsDroppable' is assigned a value but never used        no-unused-vars
  14924:7   warning  'widgetsProgressbar' is assigned a value but never used      no-unused-vars
  15081:7   warning  'widgetsSelectable' is assigned a value but never used       no-unused-vars
  15399:7   warning  'widgetsSelectmenu' is assigned a value but never used       no-unused-vars
  16098:7   warning  'widgetsSlider' is assigned a value but never used           no-unused-vars
  16890:7   warning  'widgetsSortable' is assigned a value but never used         no-unused-vars
  17501:33  warning  Unnecessary escape character: \-                             no-useless-escape
  19078:15  warning  'Globalize' is not defined                                   no-undef
  19089:11  warning  'Globalize' is not defined                                   no-undef
  19209:7   warning  'widgetsSpinner' is assigned a value but never used          no-unused-vars
  19265:25  warning  Empty block statement                                        no-empty
  19268:25  warning  Empty block statement                                        no-empty
  19507:38  warning  Unnecessary escape character: \/                             no-useless-escape
  19507:47  warning  Unnecessary escape character: \[                             no-useless-escape
  19507:51  warning  Unnecessary escape character: \^                             no-useless-escape
  20132:7   warning  'widgetsTabs' is assigned a value but never used             no-unused-vars
  20643:7   warning  'widgetsTooltip' is assigned a value but never used          no-unused-vars

/home/runner/work/exp-eccentric-cam-mechanism-nitk/exp-eccentric-cam-mechanism-nitk/experiment/simulation/js/jquery.ui.touch-punch.js
  174:4  warning  'jQuery' is not defined  no-undef

/home/runner/work/exp-eccentric-cam-mechanism-nitk/exp-eccentric-cam-mechanism-nitk/experiment/simulation/js/jquery.ui.touch-punch.min.js
  81:4  warning  'jQuery' is not defined  no-undef

/home/runner/work/exp-eccentric-cam-mechanism-nitk/exp-eccentric-cam-mechanism-nitk/experiment/simulation/js/script.js
    4:5   warning  'commenttext' is assigned a value but never used  no-unused-vars
    5:5   warning  'commentloc' is assigned a value but never used   no-unused-vars
    7:17  warning  'point' is not defined                            no-undef
    8:23  warning  'point' is not defined                            no-undef
   10:13  warning  'point' is not defined                            no-undef
   11:13  warning  'point' is not defined                            no-undef
   12:13  warning  'point' is not defined                            no-undef
   19:5   warning  'flaggrashof' is assigned a value but never used  no-unused-vars
   26:5   warning  'time' is assigned a value but never used         no-unused-vars
   35:5   warning  'quickrefCS' is assigned a value but never used   no-unused-vars
   36:5   warning  'temp' is assigned a value but never used         no-unused-vars
   37:5   warning  'offset' is assigned a value but never used       no-unused-vars
   42:18  warning  'point' is not defined                            no-undef
   46:10  warning  'editcss' is defined but never used               no-unused-vars
   47:3   warning  '$' is not defined                                no-undef
   48:3   warning  '$' is not defined                                no-undef
   49:3   warning  '$' is not defined                                no-undef
   50:3   warning  '$' is not defined                                no-undef
   51:3   warning  '$' is not defined                                no-undef
   52:3   warning  '$' is not defined                                no-undef
   55:10  warning  'startsim' is defined but never used              no-unused-vars
   59:10  warning  'simstate' is defined but never used              no-unused-vars
   69:5   warning  '$' is not defined                                no-undef
   83:10  warning  'rotstate' is defined but never used              no-unused-vars
   99:10  warning  'showLegend' is defined but never used            no-unused-vars
  101:5   warning  '$' is not defined                                no-undef
  102:5   warning  '$' is not defined                                no-undef
  103:5   warning  '$' is not defined                                no-undef
  106:5   warning  '$' is not defined                                no-undef
  107:5   warning  '$' is not defined                                no-undef
  111:5   warning  '$' is not defined                                no-undef
  116:10  warning  'varinit' is defined but never used               no-unused-vars
  119:3   warning  '$' is not defined                                no-undef
  120:3   warning  '$' is not defined                                no-undef
  122:3   warning  '$' is not defined                                no-undef
  123:3   warning  '$' is not defined                                no-undef
  125:3   warning  '$' is not defined                                no-undef
  126:3   warning  '$' is not defined                                no-undef
  128:3   warning  '$' is not defined                                no-undef
  129:3   warning  '$' is not defined                                no-undef
  134:3   warning  '$' is not defined                                no-undef
  135:3   warning  '$' is not defined                                no-undef
  138:3   warning  '$' is not defined                                no-undef
  139:5   warning  '$' is not defined                                no-undef
  149:3   warning  '$' is not defined                                no-undef
  150:5   warning  '$' is not defined                                no-undef
  160:3   warning  '$' is not defined                                no-undef
  165:3   warning  '$' is not defined                                no-undef
  166:3   warning  '$' is not defined                                no-undef
  169:3   warning  '$' is not defined                                no-undef
  170:5   warning  '$' is not defined                                no-undef
  180:3   warning  '$' is not defined                                no-undef
  181:5   warning  '$' is not defined                                no-undef
  191:3   warning  '$' is not defined                                no-undef
  196:3   warning  '$' is not defined                                no-undef
  197:3   warning  '$' is not defined                                no-undef
  200:3   warning  '$' is not defined                                no-undef
  201:5   warning  '$' is not defined                                no-undef
  210:3   warning  '$' is not defined                                no-undef
  211:5   warning  '$' is not defined                                no-undef
  220:3   warning  '$' is not defined                                no-undef
  225:3   warning  '$' is not defined                                no-undef
  226:3   warning  '$' is not defined                                no-undef
  229:3   warning  '$' is not defined                                no-undef
  230:5   warning  '$' is not defined                                no-undef
  240:3   warning  '$' is not defined                                no-undef
  241:5   warning  '$' is not defined                                no-undef
  251:3   warning  '$' is not defined                                no-undef
  259:3   warning  '$' is not defined                                no-undef
  259:33  warning  '$' is not defined                                no-undef
  260:3   warning  '$' is not defined                                no-undef
  260:33  warning  '$' is not defined                                no-undef
  261:3   warning  '$' is not defined                                no-undef
  261:37  warning  '$' is not defined                                no-undef
  263:7   warning  '$' is not defined                                no-undef
  264:8   warning  '$' is not defined                                no-undef
  266:3   warning  '$' is not defined                                no-undef
  266:31  warning  '$' is not defined                                no-undef
  267:3   warning  '$' is not defined                                no-undef
  268:3   warning  '$' is not defined                                no-undef
  268:33  warning  '$' is not defined                                no-undef
  269:3   warning  '$' is not defined                                no-undef
  272:5   warning  '$' is not defined                                no-undef
  273:5   warning  '$' is not defined                                no-undef
  274:5   warning  '$' is not defined                                no-undef
  275:5   warning  '$' is not defined                                no-undef
  276:13  warning  '$' is not defined                                no-undef
  278:39  warning  'deg' is not defined                              no-undef
  284:5   warning  '$' is not defined                                no-undef
  285:5   warning  '$' is not defined                                no-undef
  286:5   warning  '$' is not defined                                no-undef
  287:5   warning  '$' is not defined                                no-undef
  288:13  warning  '$' is not defined                                no-undef
  293:9   warning  'roundd' is not defined                           no-undef
  295:9   warning  'roundd' is not defined                           no-undef
  297:9   warning  'roundd' is not defined                           no-undef
  299:9   warning  'roundd' is not defined                           no-undef
  305:3   warning  'phi' is not defined                              no-undef
  305:9   warning  'deg' is not defined                              no-undef
  305:38  warning  'rad' is not defined                              no-undef
  308:28  warning  'rad' is not defined                              no-undef
  309:28  warning  'rad' is not defined                              no-undef
  311:28  warning  'rad' is not defined                              no-undef
  311:55  warning  'rad' is not defined                              no-undef
  311:59  warning  'phi' is not defined                              no-undef
  315:7   warning  '$' is not defined                                no-undef
  317:7   warning  '$' is not defined                                no-undef
  331:5   warning  'pointtrans' is not defined                       no-undef
  332:5   warning  'pointtrans' is not defined                       no-undef
  333:5   warning  'pointtrans' is not defined                       no-undef
  335:18  warning  'point' is not defined                            no-undef
  336:18  warning  'point' is not defined                            no-undef
  350:5   warning  'drawrect' is not defined                         no-undef
  351:5   warning  'drawrect' is not defined                         no-undef
  362:5   warning  'pointjoin' is not defined                        no-undef
  364:5   warning  'pointdisp' is not defined                        no-undef
  365:5   warning  'pointdisp' is not defined                        no-undef
  366:5   warning  'pointdisp' is not defined                        no-undef
  374:5   warning  'pointtrans' is not defined                       no-undef
  375:5   warning  'pointtrans' is not defined                       no-undef
  376:5   warning  'pointtrans' is not defined                       no-undef
  378:9   warning  'o1' is already defined                           no-redeclare
  378:18  warning  'point' is not defined                            no-undef
  379:9   warning  'b1' is already defined                           no-redeclare
  379:18  warning  'point' is not defined                            no-undef
  393:5   warning  'drawrect' is not defined                         no-undef
  394:5   warning  'drawrect' is not defined                         no-undef
  405:5   warning  'pointjoin' is not defined                        no-undef
  407:5   warning  'pointdisp' is not defined                        no-undef
  408:5   warning  'pointdisp' is not defined                        no-undef
  409:5   warning  'pointdisp' is not defined                        no-undef
  417:3   warning  'phi' is not defined                              no-undef
  417:9   warning  'deg' is not defined                              no-undef
  417:38  warning  'rad' is not defined                              no-undef
  421:15  warning  'rad' is not defined                              no-undef
  421:38  warning  'rad' is not defined                              no-undef
  421:61  warning  'rad' is not defined                              no-undef
  421:65  warning  'phi' is not defined                              no-undef
  425:16  warning  'rad' is not defined                              no-undef
  426:16  warning  'rad' is not defined                              no-undef
  426:39  warning  'rad' is not defined                              no-undef
  426:43  warning  'phi' is not defined                              no-undef
  427:36  warning  'rad' is not defined                              no-undef
  427:59  warning  'rad' is not defined                              no-undef
  427:63  warning  'phi' is not defined                              no-undef
  431:16  warning  'rad' is not defined                              no-undef
  432:16  warning  'rad' is not defined                              no-undef
  432:39  warning  'rad' is not defined                              no-undef
  432:43  warning  'phi' is not defined                              no-undef
  433:38  warning  'rad' is not defined                              no-undef
  434:27  warning  'rad' is not defined                              no-undef
  434:31  warning  'phi' is not defined                              no-undef
  435:32  warning  'rad' is not defined                              no-undef
  435:65  warning  'rad' is not defined                              no-undef
  435:69  warning  'phi' is not defined                              no-undef
  438:27  warning  'rad' is not defined                              no-undef
  439:18  warning  'rad' is not defined                              no-undef
  439:22  warning  'phi' is not defined                              no-undef
  440:27  warning  'rad' is not defined                              no-undef
  440:31  warning  'phi' is not defined                              no-undef
  454:5   warning  'pointdisp' is not defined                        no-undef
  561:10  warning  'enableGraphDraw' is defined but never used       no-unused-vars

✖ 291 problems (1 error, 290 warnings)

